Determining if the pthread_create exist failed with the following output:
Change Dir: /home/mynt/mynt/mynt-eye-d-sdk/wrappers/beta_ros/build/CMakeFiles/CMakeTmp

Run Build Command:"/usr/bin/make" "cmTC_1d0d4/fast"
make[1]: Entering directory '/home/mynt/mynt/mynt-eye-d-sdk/wrappers/beta_ros/build/CMakeFiles/CMakeTmp'
/usr/bin/make -f CMakeFiles/cmTC_1d0d4.dir/build.make CMakeFiles/cmTC_1d0d4.dir/build
make[2]: Entering directory '/home/mynt/mynt/mynt-eye-d-sdk/wrappers/beta_ros/build/CMakeFiles/CMakeTmp'
Building C object CMakeFiles/cmTC_1d0d4.dir/CheckSymbolExists.c.o
/usr/bin/cc     -o CMakeFiles/cmTC_1d0d4.dir/CheckSymbolExists.c.o   -c /home/mynt/mynt/mynt-eye-d-sdk/wrappers/beta_ros/build/CMakeFiles/CMakeTmp/CheckSymbolExists.c
Linking C executable cmTC_1d0d4
/usr/bin/cmake -E cmake_link_script CMakeFiles/cmTC_1d0d4.dir/link.txt --verbose=1
/usr/bin/cc       CMakeFiles/cmTC_1d0d4.dir/CheckSymbolExists.c.o  -o cmTC_1d0d4 -rdynamic 
CMakeFiles/cmTC_1d0d4.dir/CheckSymbolExists.c.o: In function `main':
CheckSymbolExists.c:(.text+0x16): undefined reference to `pthread_create'
collect2: error: ld returned 1 exit status
CMakeFiles/cmTC_1d0d4.dir/build.make:97: recipe for target 'cmTC_1d0d4' failed
make[2]: *** [cmTC_1d0d4] Error 1
make[2]: Leaving directory '/home/mynt/mynt/mynt-eye-d-sdk/wrappers/beta_ros/build/CMakeFiles/CMakeTmp'
Makefile:126: recipe for target 'cmTC_1d0d4/fast' failed
make[1]: *** [cmTC_1d0d4/fast] Error 2
make[1]: Leaving directory '/home/mynt/mynt/mynt-eye-d-sdk/wrappers/beta_ros/build/CMakeFiles/CMakeTmp'

File /home/mynt/mynt/mynt-eye-d-sdk/wrappers/beta_ros/build/CMakeFiles/CMakeTmp/CheckSymbolExists.c:
/* */
#include <pthread.h>

int main(int argc, char** argv)
{
  (void)argv;
#ifndef pthread_create
  return ((int*)(&pthread_create))[argc];
#else
  (void)argc;
  return 0;
#endif
}

Determining if the function pthread_create exists in the pthreads failed with the following output:
Change Dir: /home/mynt/mynt/mynt-eye-d-sdk/wrappers/beta_ros/build/CMakeFiles/CMakeTmp

Run Build Command:"/usr/bin/make" "cmTC_269a2/fast"
make[1]: Entering directory '/home/mynt/mynt/mynt-eye-d-sdk/wrappers/beta_ros/build/CMakeFiles/CMakeTmp'
/usr/bin/make -f CMakeFiles/cmTC_269a2.dir/build.make CMakeFiles/cmTC_269a2.dir/build
make[2]: Entering directory '/home/mynt/mynt/mynt-eye-d-sdk/wrappers/beta_ros/build/CMakeFiles/CMakeTmp'
Building C object CMakeFiles/cmTC_269a2.dir/CheckFunctionExists.c.o
/usr/bin/cc    -DCHECK_FUNCTION_EXISTS=pthread_create   -o CMakeFiles/cmTC_269a2.dir/CheckFunctionExists.c.o   -c /usr/share/cmake-3.5/Modules/CheckFunctionExists.c
Linking C executable cmTC_269a2
/usr/bin/cmake -E cmake_link_script CMakeFiles/cmTC_269a2.dir/link.txt --verbose=1
/usr/bin/cc   -DCHECK_FUNCTION_EXISTS=pthread_create    CMakeFiles/cmTC_269a2.dir/CheckFunctionExists.c.o  -o cmTC_269a2 -rdynamic -lpthreads 
/usr/bin/ld: cannot find -lpthreads
collect2: error: ld returned 1 exit status
CMakeFiles/cmTC_269a2.dir/build.make:97: recipe for target 'cmTC_269a2' failed
make[2]: *** [cmTC_269a2] Error 1
make[2]: Leaving directory '/home/mynt/mynt/mynt-eye-d-sdk/wrappers/beta_ros/build/CMakeFiles/CMakeTmp'
Makefile:126: recipe for target 'cmTC_269a2/fast' failed
make[1]: *** [cmTC_269a2/fast] Error 2
make[1]: Leaving directory '/home/mynt/mynt/mynt-eye-d-sdk/wrappers/beta_ros/build/CMakeFiles/CMakeTmp'


